[0m16:25:22.767235 [debug] [MainThread]: Sending event: {'category': 'dbt', 'action': 'invocation', 'label': 'start', 'context': [<snowplow_tracker.self_describing_json.SelfDescribingJson object at 0x7f4d329179d0>, <snowplow_tracker.self_describing_json.SelfDescribingJson object at 0x7f4d329163d0>, <snowplow_tracker.self_describing_json.SelfDescribingJson object at 0x7f4d329292d0>]}


============================== 16:25:22.771703 | 837db757-731b-4472-95df-156417aeb1f5 ==============================
[0m16:25:22.771703 [info ] [MainThread]: Running with dbt=1.5.1
[0m16:25:22.772511 [debug] [MainThread]: running dbt with arguments {'cache_selected_only': 'False', 'fail_fast': 'False', 'write_json': 'True', 'introspect': 'True', 'debug': 'False', 'static_parser': 'True', 'printer_width': '80', 'log_path': 'logs', 'quiet': 'False', 'no_print': 'None', 'warn_error_options': 'WarnErrorOptions(include=[], exclude=[])', 'profiles_dir': '/home/adventure/.dbt', 'log_format': 'default', 'use_colors': 'True', 'indirect_selection': 'eager', 'log_cache_events': 'False', 'target_path': 'None', 'partial_parse': 'True', 'version_check': 'True', 'use_experimental_parser': 'False', 'send_anonymous_usage_stats': 'True', 'warn_error': 'None'}
[0m16:25:22.773079 [info ] [MainThread]: dbt version: 1.5.1
[0m16:25:22.773632 [info ] [MainThread]: python version: 3.11.7
[0m16:25:22.774107 [info ] [MainThread]: python path: /home/adventure/adventure/dev/hdss_datapipeline/.venv/bin/python
[0m16:25:22.774596 [info ] [MainThread]: os info: Linux-6.1.0-35-amd64-x86_64-with-glibc2.36
[0m16:25:22.774999 [info ] [MainThread]: Using profiles.yml file at /home/adventure/.dbt/profiles.yml
[0m16:25:22.775404 [info ] [MainThread]: Using dbt_project.yml file at /home/adventure/adventure/dev/hdss_datapipeline/dbt/dbt_project.yml
[0m16:25:22.776052 [info ] [MainThread]: Configuration:
[0m16:25:22.821657 [info ] [MainThread]:   profiles.yml file [[32mOK found and valid[0m]
[0m16:25:22.822237 [info ] [MainThread]:   dbt_project.yml file [[31mERROR not found[0m]
[0m16:25:22.822741 [info ] [MainThread]: Required dependencies:
[0m16:25:22.823509 [debug] [MainThread]: Executing "git --help"
[0m16:25:22.827344 [debug] [MainThread]: STDOUT: "b"usage: git [-v | --version] [-h | --help] [-C <path>] [-c <name>=<value>]\n           [--exec-path[=<path>]] [--html-path] [--man-path] [--info-path]\n           [-p | --paginate | -P | --no-pager] [--no-replace-objects] [--bare]\n           [--git-dir=<path>] [--work-tree=<path>] [--namespace=<name>]\n           [--super-prefix=<path>] [--config-env=<name>=<envvar>]\n           <command> [<args>]\n\nThese are common Git commands used in various situations:\n\nstart a working area (see also: git help tutorial)\n   clone     Clone a repository into a new directory\n   init      Create an empty Git repository or reinitialize an existing one\n\nwork on the current change (see also: git help everyday)\n   add       Add file contents to the index\n   mv        Move or rename a file, a directory, or a symlink\n   restore   Restore working tree files\n   rm        Remove files from the working tree and from the index\n\nexamine the history and state (see also: git help revisions)\n   bisect    Use binary search to find the commit that introduced a bug\n   diff      Show changes between commits, commit and working tree, etc\n   grep      Print lines matching a pattern\n   log       Show commit logs\n   show      Show various types of objects\n   status    Show the working tree status\n\ngrow, mark and tweak your common history\n   branch    List, create, or delete branches\n   commit    Record changes to the repository\n   merge     Join two or more development histories together\n   rebase    Reapply commits on top of another base tip\n   reset     Reset current HEAD to the specified state\n   switch    Switch branches\n   tag       Create, list, delete or verify a tag object signed with GPG\n\ncollaborate (see also: git help workflows)\n   fetch     Download objects and refs from another repository\n   pull      Fetch from and integrate with another repository or a local branch\n   push      Update remote refs along with associated objects\n\n'git help -a' and 'git help -g' list available subcommands and some\nconcept guides. See 'git help <command>' or 'git help <concept>'\nto read about a specific subcommand or concept.\nSee 'git help git' for an overview of the system.\n""
[0m16:25:22.828442 [debug] [MainThread]: STDERR: "b''"
[0m16:25:22.829076 [info ] [MainThread]:  - git [[32mOK found[0m]

[0m16:25:22.829833 [info ] [MainThread]: Connection:
[0m16:25:22.830593 [info ] [MainThread]:   host: aws-1-eu-north-1.pooler.supabase.com
[0m16:25:22.831113 [info ] [MainThread]:   port: 5432
[0m16:25:22.831764 [info ] [MainThread]:   user: postgres.qzvbxcvqqlbeoegssyl
[0m16:25:22.832524 [info ] [MainThread]:   database: postgres
[0m16:25:22.833034 [info ] [MainThread]:   schema: public
[0m16:25:22.833552 [info ] [MainThread]:   search_path: None
[0m16:25:22.834061 [info ] [MainThread]:   keepalives_idle: 0
[0m16:25:22.834564 [info ] [MainThread]:   sslmode: None
[0m16:25:22.835336 [debug] [MainThread]: Acquiring new postgres connection 'debug'
[0m16:25:22.835640 [debug] [MainThread]: Using postgres connection "debug"
[0m16:25:22.835946 [debug] [MainThread]: On debug: select 1 as id
[0m16:25:22.836278 [debug] [MainThread]: Opening a new connection, currently in state init
[0m16:25:24.406600 [debug] [MainThread]: Postgres adapter: Got a retryable error when attempting to open a postgres connection.
1 attempts remaining. Retrying in 0 seconds.
Error:
connection to server at "aws-1-eu-north-1.pooler.supabase.com" (51.21.18.29), port 5432 failed: FATAL:  Tenant or user not found
connection to server at "aws-1-eu-north-1.pooler.supabase.com" (51.21.18.29), port 5432 failed: FATAL:  Tenant or user not found

[0m16:25:25.654537 [debug] [MainThread]: Postgres adapter: Error running SQL: select 1 as id
[0m16:25:25.655166 [debug] [MainThread]: Postgres adapter: Rolling back transaction.
[0m16:25:25.655689 [debug] [MainThread]: On debug: No close available on handle
[0m16:25:25.655994 [info ] [MainThread]:   Connection test: [[31mERROR[0m]

[0m16:25:25.656443 [info ] [MainThread]: [31m2 checks failed:[0m
[0m16:25:25.656830 [info ] [MainThread]: Could not load dbt_project.yml

[0m16:25:25.657240 [info ] [MainThread]: dbt was unable to connect to the specified database.
The database returned the following error:

  >Database Error
  connection to server at "aws-1-eu-north-1.pooler.supabase.com" (13.60.102.132), port 5432 failed: FATAL:  Tenant or user not found
  connection to server at "aws-1-eu-north-1.pooler.supabase.com" (13.60.102.132), port 5432 failed: FATAL:  Tenant or user not found
  

Check your database credentials and try again. For more information, visit:
https://docs.getdbt.com/docs/configure-your-profile


[0m16:25:25.657909 [debug] [MainThread]: Command `dbt debug` failed at 16:25:25.657801 after 2.90 seconds
[0m16:25:25.658356 [debug] [MainThread]: Connection 'debug' was properly closed.
[0m16:25:25.658857 [debug] [MainThread]: Sending event: {'category': 'dbt', 'action': 'invocation', 'label': 'end', 'context': [<snowplow_tracker.self_describing_json.SelfDescribingJson object at 0x7f4d363607d0>, <snowplow_tracker.self_describing_json.SelfDescribingJson object at 0x7f4d36362290>, <snowplow_tracker.self_describing_json.SelfDescribingJson object at 0x7f4d33d45dd0>]}
[0m16:25:25.659373 [debug] [MainThread]: Flushing usage events
[0m16:26:14.317028 [debug] [MainThread]: Sending event: {'category': 'dbt', 'action': 'invocation', 'label': 'start', 'context': [<snowplow_tracker.self_describing_json.SelfDescribingJson object at 0x7f69c9ef2a10>, <snowplow_tracker.self_describing_json.SelfDescribingJson object at 0x7f69c9ef1790>, <snowplow_tracker.self_describing_json.SelfDescribingJson object at 0x7f69c9ef20d0>]}


============================== 16:26:14.329185 | f957e7db-32e8-47d1-9c58-41551ab7d998 ==============================
[0m16:26:14.329185 [info ] [MainThread]: Running with dbt=1.5.1
[0m16:26:14.330893 [debug] [MainThread]: running dbt with arguments {'indirect_selection': 'eager', 'target_path': 'None', 'log_cache_events': 'False', 'fail_fast': 'False', 'send_anonymous_usage_stats': 'True', 'version_check': 'True', 'introspect': 'True', 'printer_width': '80', 'partial_parse': 'True', 'no_print': 'None', 'cache_selected_only': 'False', 'use_colors': 'True', 'use_experimental_parser': 'False', 'profiles_dir': '/home/adventure/.dbt', 'log_format': 'default', 'quiet': 'False', 'debug': 'False', 'warn_error_options': 'WarnErrorOptions(include=[], exclude=[])', 'log_path': 'logs', 'write_json': 'True', 'static_parser': 'True', 'warn_error': 'None'}
[0m16:26:14.332060 [info ] [MainThread]: dbt version: 1.5.1
[0m16:26:14.333459 [info ] [MainThread]: python version: 3.11.7
[0m16:26:14.334827 [info ] [MainThread]: python path: /home/adventure/adventure/dev/hdss_datapipeline/.venv/bin/python
[0m16:26:14.337331 [info ] [MainThread]: os info: Linux-6.1.0-35-amd64-x86_64-with-glibc2.36
[0m16:26:14.339268 [info ] [MainThread]: Using profiles.yml file at /home/adventure/.dbt/profiles.yml
[0m16:26:14.339990 [info ] [MainThread]: Using dbt_project.yml file at /home/adventure/adventure/dev/hdss_datapipeline/dbt/dbt_project.yml
[0m16:26:14.340706 [info ] [MainThread]: Configuration:
[0m16:26:14.443740 [info ] [MainThread]:   profiles.yml file [[32mOK found and valid[0m]
[0m16:26:14.445143 [info ] [MainThread]:   dbt_project.yml file [[31mERROR not found[0m]
[0m16:26:14.446237 [info ] [MainThread]: Required dependencies:
[0m16:26:14.447901 [debug] [MainThread]: Executing "git --help"
[0m16:26:14.456123 [debug] [MainThread]: STDOUT: "b"usage: git [-v | --version] [-h | --help] [-C <path>] [-c <name>=<value>]\n           [--exec-path[=<path>]] [--html-path] [--man-path] [--info-path]\n           [-p | --paginate | -P | --no-pager] [--no-replace-objects] [--bare]\n           [--git-dir=<path>] [--work-tree=<path>] [--namespace=<name>]\n           [--super-prefix=<path>] [--config-env=<name>=<envvar>]\n           <command> [<args>]\n\nThese are common Git commands used in various situations:\n\nstart a working area (see also: git help tutorial)\n   clone     Clone a repository into a new directory\n   init      Create an empty Git repository or reinitialize an existing one\n\nwork on the current change (see also: git help everyday)\n   add       Add file contents to the index\n   mv        Move or rename a file, a directory, or a symlink\n   restore   Restore working tree files\n   rm        Remove files from the working tree and from the index\n\nexamine the history and state (see also: git help revisions)\n   bisect    Use binary search to find the commit that introduced a bug\n   diff      Show changes between commits, commit and working tree, etc\n   grep      Print lines matching a pattern\n   log       Show commit logs\n   show      Show various types of objects\n   status    Show the working tree status\n\ngrow, mark and tweak your common history\n   branch    List, create, or delete branches\n   commit    Record changes to the repository\n   merge     Join two or more development histories together\n   rebase    Reapply commits on top of another base tip\n   reset     Reset current HEAD to the specified state\n   switch    Switch branches\n   tag       Create, list, delete or verify a tag object signed with GPG\n\ncollaborate (see also: git help workflows)\n   fetch     Download objects and refs from another repository\n   pull      Fetch from and integrate with another repository or a local branch\n   push      Update remote refs along with associated objects\n\n'git help -a' and 'git help -g' list available subcommands and some\nconcept guides. See 'git help <command>' or 'git help <concept>'\nto read about a specific subcommand or concept.\nSee 'git help git' for an overview of the system.\n""
[0m16:26:14.457513 [debug] [MainThread]: STDERR: "b''"
[0m16:26:14.458423 [info ] [MainThread]:  - git [[32mOK found[0m]

[0m16:26:14.459958 [info ] [MainThread]: Connection:
[0m16:26:14.461317 [info ] [MainThread]:   host: db.qzvbxcvqqlbeoegssylg.supabase.co
[0m16:26:14.462534 [info ] [MainThread]:   port: 5432
[0m16:26:14.463305 [info ] [MainThread]:   user: postgres
[0m16:26:14.464120 [info ] [MainThread]:   database: postgres
[0m16:26:14.465155 [info ] [MainThread]:   schema: public
[0m16:26:14.466427 [info ] [MainThread]:   search_path: None
[0m16:26:14.467686 [info ] [MainThread]:   keepalives_idle: 0
[0m16:26:14.469364 [info ] [MainThread]:   sslmode: None
[0m16:26:14.472826 [debug] [MainThread]: Acquiring new postgres connection 'debug'
[0m16:26:14.474992 [debug] [MainThread]: Using postgres connection "debug"
[0m16:26:14.477317 [debug] [MainThread]: On debug: select 1 as id
[0m16:26:14.477925 [debug] [MainThread]: Opening a new connection, currently in state init
[0m16:26:14.662882 [debug] [MainThread]: Postgres adapter: Got a retryable error when attempting to open a postgres connection.
1 attempts remaining. Retrying in 0 seconds.
Error:
connection to server at "db.qzvbxcvqqlbeoegssylg.supabase.co" (2a05:d016:571:a40c:5388:29b0:d3d7:afb0), port 5432 failed: Network is unreachable
	Is the server running on that host and accepting TCP/IP connections?

[0m16:26:14.671021 [debug] [MainThread]: Postgres adapter: Error running SQL: select 1 as id
[0m16:26:14.671947 [debug] [MainThread]: Postgres adapter: Rolling back transaction.
[0m16:26:14.672718 [debug] [MainThread]: On debug: No close available on handle
[0m16:26:14.673177 [info ] [MainThread]:   Connection test: [[31mERROR[0m]

[0m16:26:14.673826 [info ] [MainThread]: [31m2 checks failed:[0m
[0m16:26:14.674626 [info ] [MainThread]: Could not load dbt_project.yml

[0m16:26:14.675069 [info ] [MainThread]: dbt was unable to connect to the specified database.
The database returned the following error:

  >Database Error
  connection to server at "db.qzvbxcvqqlbeoegssylg.supabase.co" (2a05:d016:571:a40c:5388:29b0:d3d7:afb0), port 5432 failed: Network is unreachable
  	Is the server running on that host and accepting TCP/IP connections?
  

Check your database credentials and try again. For more information, visit:
https://docs.getdbt.com/docs/configure-your-profile


[0m16:26:14.675791 [debug] [MainThread]: Command `dbt debug` failed at 16:26:14.675615 after 0.38 seconds
[0m16:26:14.676347 [debug] [MainThread]: Connection 'debug' was properly closed.
[0m16:26:14.676817 [debug] [MainThread]: Sending event: {'category': 'dbt', 'action': 'invocation', 'label': 'end', 'context': [<snowplow_tracker.self_describing_json.SelfDescribingJson object at 0x7f69caec1f90>, <snowplow_tracker.self_describing_json.SelfDescribingJson object at 0x7f69c9d28d10>, <snowplow_tracker.self_describing_json.SelfDescribingJson object at 0x7f69cb141990>]}
[0m16:26:14.677473 [debug] [MainThread]: Flushing usage events
[0m16:26:40.085184 [debug] [MainThread]: Sending event: {'category': 'dbt', 'action': 'invocation', 'label': 'start', 'context': [<snowplow_tracker.self_describing_json.SelfDescribingJson object at 0x7fceac53d790>, <snowplow_tracker.self_describing_json.SelfDescribingJson object at 0x7fceac535990>, <snowplow_tracker.self_describing_json.SelfDescribingJson object at 0x7fceac52a6d0>]}


============================== 16:26:40.096265 | 35212f26-ff52-428a-b84c-1e0f2078c3c3 ==============================
[0m16:26:40.096265 [info ] [MainThread]: Running with dbt=1.5.1
[0m16:26:40.099513 [debug] [MainThread]: running dbt with arguments {'debug': 'False', 'no_print': 'None', 'introspect': 'True', 'version_check': 'True', 'use_colors': 'True', 'cache_selected_only': 'False', 'warn_error': 'None', 'log_cache_events': 'False', 'use_experimental_parser': 'False', 'target_path': 'None', 'log_format': 'default', 'profiles_dir': '/home/adventure/.dbt', 'quiet': 'False', 'send_anonymous_usage_stats': 'True', 'partial_parse': 'True', 'warn_error_options': 'WarnErrorOptions(include=[], exclude=[])', 'printer_width': '80', 'write_json': 'True', 'static_parser': 'True', 'indirect_selection': 'eager', 'fail_fast': 'False', 'log_path': 'logs'}
[0m16:26:40.101487 [info ] [MainThread]: dbt version: 1.5.1
[0m16:26:40.102843 [info ] [MainThread]: python version: 3.11.7
[0m16:26:40.104035 [info ] [MainThread]: python path: /home/adventure/adventure/dev/hdss_datapipeline/.venv/bin/python
[0m16:26:40.105634 [info ] [MainThread]: os info: Linux-6.1.0-35-amd64-x86_64-with-glibc2.36
[0m16:26:40.106704 [info ] [MainThread]: Using profiles.yml file at /home/adventure/.dbt/profiles.yml
[0m16:26:40.107869 [info ] [MainThread]: Using dbt_project.yml file at /home/adventure/adventure/dev/hdss_datapipeline/dbt/dbt_project.yml
[0m16:26:40.109043 [info ] [MainThread]: Configuration:
[0m16:26:40.225697 [info ] [MainThread]:   profiles.yml file [[32mOK found and valid[0m]
[0m16:26:40.227897 [info ] [MainThread]:   dbt_project.yml file [[31mERROR not found[0m]
[0m16:26:40.233167 [info ] [MainThread]: Required dependencies:
[0m16:26:40.235667 [debug] [MainThread]: Executing "git --help"
[0m16:26:40.240015 [debug] [MainThread]: STDOUT: "b"usage: git [-v | --version] [-h | --help] [-C <path>] [-c <name>=<value>]\n           [--exec-path[=<path>]] [--html-path] [--man-path] [--info-path]\n           [-p | --paginate | -P | --no-pager] [--no-replace-objects] [--bare]\n           [--git-dir=<path>] [--work-tree=<path>] [--namespace=<name>]\n           [--super-prefix=<path>] [--config-env=<name>=<envvar>]\n           <command> [<args>]\n\nThese are common Git commands used in various situations:\n\nstart a working area (see also: git help tutorial)\n   clone     Clone a repository into a new directory\n   init      Create an empty Git repository or reinitialize an existing one\n\nwork on the current change (see also: git help everyday)\n   add       Add file contents to the index\n   mv        Move or rename a file, a directory, or a symlink\n   restore   Restore working tree files\n   rm        Remove files from the working tree and from the index\n\nexamine the history and state (see also: git help revisions)\n   bisect    Use binary search to find the commit that introduced a bug\n   diff      Show changes between commits, commit and working tree, etc\n   grep      Print lines matching a pattern\n   log       Show commit logs\n   show      Show various types of objects\n   status    Show the working tree status\n\ngrow, mark and tweak your common history\n   branch    List, create, or delete branches\n   commit    Record changes to the repository\n   merge     Join two or more development histories together\n   rebase    Reapply commits on top of another base tip\n   reset     Reset current HEAD to the specified state\n   switch    Switch branches\n   tag       Create, list, delete or verify a tag object signed with GPG\n\ncollaborate (see also: git help workflows)\n   fetch     Download objects and refs from another repository\n   pull      Fetch from and integrate with another repository or a local branch\n   push      Update remote refs along with associated objects\n\n'git help -a' and 'git help -g' list available subcommands and some\nconcept guides. See 'git help <command>' or 'git help <concept>'\nto read about a specific subcommand or concept.\nSee 'git help git' for an overview of the system.\n""
[0m16:26:40.241324 [debug] [MainThread]: STDERR: "b''"
[0m16:26:40.242158 [info ] [MainThread]:  - git [[32mOK found[0m]

[0m16:26:40.243253 [info ] [MainThread]: Connection:
[0m16:26:40.244324 [info ] [MainThread]:   host: aws-1-eu-north-1.pooler.supabase.com
[0m16:26:40.245403 [info ] [MainThread]:   port: 5432
[0m16:26:40.247152 [info ] [MainThread]:   user: postgres.qzvbxcvqqlbeoegssyl
[0m16:26:40.249258 [info ] [MainThread]:   database: postgres
[0m16:26:40.251343 [info ] [MainThread]:   schema: public
[0m16:26:40.253655 [info ] [MainThread]:   search_path: None
[0m16:26:40.256745 [info ] [MainThread]:   keepalives_idle: 0
[0m16:26:40.258580 [info ] [MainThread]:   sslmode: None
[0m16:26:40.260584 [debug] [MainThread]: Acquiring new postgres connection 'debug'
[0m16:26:40.261577 [debug] [MainThread]: Using postgres connection "debug"
[0m16:26:40.262117 [debug] [MainThread]: On debug: select 1 as id
[0m16:26:40.262979 [debug] [MainThread]: Opening a new connection, currently in state init
[0m16:26:51.992735 [debug] [MainThread]: Postgres adapter: Got a retryable error when attempting to open a postgres connection.
1 attempts remaining. Retrying in 0 seconds.
Error:
connection to server at "aws-1-eu-north-1.pooler.supabase.com" (13.60.102.132), port 5432 failed: FATAL:  Tenant or user not found
connection to server at "aws-1-eu-north-1.pooler.supabase.com" (13.60.102.132), port 5432 failed: timeout expired
connection to server at "aws-1-eu-north-1.pooler.supabase.com" (51.21.18.29), port 5432 failed: FATAL:  Tenant or user not found
connection to server at "aws-1-eu-north-1.pooler.supabase.com" (51.21.18.29), port 5432 failed: FATAL:  Tenant or user not found

[0m16:27:01.737142 [debug] [MainThread]: Postgres adapter: Error running SQL: select 1 as id
[0m16:27:01.738278 [debug] [MainThread]: Postgres adapter: Rolling back transaction.
[0m16:27:01.739264 [debug] [MainThread]: On debug: No close available on handle
[0m16:27:01.741458 [info ] [MainThread]:   Connection test: [[31mERROR[0m]

[0m16:27:01.744442 [info ] [MainThread]: [31m2 checks failed:[0m
[0m16:27:01.746285 [info ] [MainThread]: Could not load dbt_project.yml

[0m16:27:01.747611 [info ] [MainThread]: dbt was unable to connect to the specified database.
The database returned the following error:

  >Database Error
  connection to server at "aws-1-eu-north-1.pooler.supabase.com" (51.21.18.29), port 5432 failed: timeout expired
  connection to server at "aws-1-eu-north-1.pooler.supabase.com" (13.60.102.132), port 5432 failed: Connection refused
  	Is the server running on that host and accepting TCP/IP connections?
  

Check your database credentials and try again. For more information, visit:
https://docs.getdbt.com/docs/configure-your-profile


[0m16:27:01.749949 [debug] [MainThread]: Command `dbt debug` failed at 16:27:01.749008 after 21.68 seconds
[0m16:27:01.751025 [debug] [MainThread]: Connection 'debug' was properly closed.
[0m16:27:01.751759 [debug] [MainThread]: Sending event: {'category': 'dbt', 'action': 'invocation', 'label': 'end', 'context': [<snowplow_tracker.self_describing_json.SelfDescribingJson object at 0x7fceadc53950>, <snowplow_tracker.self_describing_json.SelfDescribingJson object at 0x7fcead931f90>, <snowplow_tracker.self_describing_json.SelfDescribingJson object at 0x7fcead6b5190>]}
[0m16:27:01.752616 [debug] [MainThread]: Flushing usage events
[0m16:32:22.771260 [debug] [MainThread]: Sending event: {'category': 'dbt', 'action': 'invocation', 'label': 'start', 'context': [<snowplow_tracker.self_describing_json.SelfDescribingJson object at 0x7efccecedc10>, <snowplow_tracker.self_describing_json.SelfDescribingJson object at 0x7efccecda990>, <snowplow_tracker.self_describing_json.SelfDescribingJson object at 0x7efcceceebd0>]}


============================== 16:32:22.775827 | bc529871-5d01-4733-a6ec-cd76e310416f ==============================
[0m16:32:22.775827 [info ] [MainThread]: Running with dbt=1.5.1
[0m16:32:22.776505 [debug] [MainThread]: running dbt with arguments {'no_print': 'None', 'printer_width': '80', 'profiles_dir': '/home/adventure/.dbt', 'cache_selected_only': 'False', 'log_format': 'default', 'log_path': 'logs', 'send_anonymous_usage_stats': 'True', 'version_check': 'True', 'write_json': 'True', 'fail_fast': 'False', 'partial_parse': 'True', 'indirect_selection': 'eager', 'debug': 'False', 'introspect': 'True', 'warn_error_options': 'WarnErrorOptions(include=[], exclude=[])', 'use_experimental_parser': 'False', 'use_colors': 'True', 'target_path': 'None', 'static_parser': 'True', 'warn_error': 'None', 'quiet': 'False', 'log_cache_events': 'False'}
[0m16:32:22.777022 [info ] [MainThread]: dbt version: 1.5.1
[0m16:32:22.777466 [info ] [MainThread]: python version: 3.11.7
[0m16:32:22.777934 [info ] [MainThread]: python path: /home/adventure/adventure/dev/hdss_datapipeline/.venv/bin/python
[0m16:32:22.778397 [info ] [MainThread]: os info: Linux-6.1.0-35-amd64-x86_64-with-glibc2.36
[0m16:32:22.778868 [info ] [MainThread]: Using profiles.yml file at /home/adventure/.dbt/profiles.yml
[0m16:32:22.779361 [info ] [MainThread]: Using dbt_project.yml file at /home/adventure/adventure/dev/hdss_datapipeline/dbt/dbt_project.yml
[0m16:32:22.779799 [info ] [MainThread]: Configuration:
[0m16:32:22.826930 [info ] [MainThread]:   profiles.yml file [[32mOK found and valid[0m]
[0m16:32:22.827570 [info ] [MainThread]:   dbt_project.yml file [[31mERROR not found[0m]
[0m16:32:22.828210 [info ] [MainThread]: Required dependencies:
[0m16:32:22.828784 [debug] [MainThread]: Executing "git --help"
[0m16:32:22.830641 [debug] [MainThread]: STDOUT: "b"usage: git [-v | --version] [-h | --help] [-C <path>] [-c <name>=<value>]\n           [--exec-path[=<path>]] [--html-path] [--man-path] [--info-path]\n           [-p | --paginate | -P | --no-pager] [--no-replace-objects] [--bare]\n           [--git-dir=<path>] [--work-tree=<path>] [--namespace=<name>]\n           [--super-prefix=<path>] [--config-env=<name>=<envvar>]\n           <command> [<args>]\n\nThese are common Git commands used in various situations:\n\nstart a working area (see also: git help tutorial)\n   clone     Clone a repository into a new directory\n   init      Create an empty Git repository or reinitialize an existing one\n\nwork on the current change (see also: git help everyday)\n   add       Add file contents to the index\n   mv        Move or rename a file, a directory, or a symlink\n   restore   Restore working tree files\n   rm        Remove files from the working tree and from the index\n\nexamine the history and state (see also: git help revisions)\n   bisect    Use binary search to find the commit that introduced a bug\n   diff      Show changes between commits, commit and working tree, etc\n   grep      Print lines matching a pattern\n   log       Show commit logs\n   show      Show various types of objects\n   status    Show the working tree status\n\ngrow, mark and tweak your common history\n   branch    List, create, or delete branches\n   commit    Record changes to the repository\n   merge     Join two or more development histories together\n   rebase    Reapply commits on top of another base tip\n   reset     Reset current HEAD to the specified state\n   switch    Switch branches\n   tag       Create, list, delete or verify a tag object signed with GPG\n\ncollaborate (see also: git help workflows)\n   fetch     Download objects and refs from another repository\n   pull      Fetch from and integrate with another repository or a local branch\n   push      Update remote refs along with associated objects\n\n'git help -a' and 'git help -g' list available subcommands and some\nconcept guides. See 'git help <command>' or 'git help <concept>'\nto read about a specific subcommand or concept.\nSee 'git help git' for an overview of the system.\n""
[0m16:32:22.830981 [debug] [MainThread]: STDERR: "b''"
[0m16:32:22.831233 [info ] [MainThread]:  - git [[32mOK found[0m]

[0m16:32:22.831591 [info ] [MainThread]: Connection:
[0m16:32:22.831959 [info ] [MainThread]:   host: aws-1-eu-north-1.pooler.supabase.com
[0m16:32:22.832582 [info ] [MainThread]:   port: 5432
[0m16:32:22.833168 [info ] [MainThread]:   user: postgres.qzvbxcvqqlbeoegssyl
[0m16:32:22.833930 [info ] [MainThread]:   database: postgres
[0m16:32:22.834572 [info ] [MainThread]:   schema: public
[0m16:32:22.835124 [info ] [MainThread]:   search_path: None
[0m16:32:22.835660 [info ] [MainThread]:   keepalives_idle: 0
[0m16:32:22.836281 [info ] [MainThread]:   sslmode: None
[0m16:32:22.837021 [debug] [MainThread]: Acquiring new postgres connection 'debug'
[0m16:32:22.837331 [debug] [MainThread]: Using postgres connection "debug"
[0m16:32:22.837597 [debug] [MainThread]: On debug: select 1 as id
[0m16:32:22.837865 [debug] [MainThread]: Opening a new connection, currently in state init
[0m16:32:23.167008 [debug] [MainThread]: Postgres adapter: Got a retryable error when attempting to open a postgres connection.
1 attempts remaining. Retrying in 0 seconds.
Error:
connection to server at "aws-1-eu-north-1.pooler.supabase.com" (51.21.18.29), port 5432 failed: Connection refused
	Is the server running on that host and accepting TCP/IP connections?
connection to server at "aws-1-eu-north-1.pooler.supabase.com" (13.60.102.132), port 5432 failed: Connection refused
	Is the server running on that host and accepting TCP/IP connections?

[0m16:32:23.516298 [debug] [MainThread]: Postgres adapter: Error running SQL: select 1 as id
[0m16:32:23.517400 [debug] [MainThread]: Postgres adapter: Rolling back transaction.
[0m16:32:23.517948 [debug] [MainThread]: On debug: No close available on handle
[0m16:32:23.518377 [info ] [MainThread]:   Connection test: [[31mERROR[0m]

[0m16:32:23.518969 [info ] [MainThread]: [31m2 checks failed:[0m
[0m16:32:23.519673 [info ] [MainThread]: Could not load dbt_project.yml

[0m16:32:23.520403 [info ] [MainThread]: dbt was unable to connect to the specified database.
The database returned the following error:

  >Database Error
  connection to server at "aws-1-eu-north-1.pooler.supabase.com" (13.60.102.132), port 5432 failed: Connection refused
  	Is the server running on that host and accepting TCP/IP connections?
  connection to server at "aws-1-eu-north-1.pooler.supabase.com" (51.21.18.29), port 5432 failed: Connection refused
  	Is the server running on that host and accepting TCP/IP connections?
  

Check your database credentials and try again. For more information, visit:
https://docs.getdbt.com/docs/configure-your-profile


[0m16:32:23.521208 [debug] [MainThread]: Command `dbt debug` failed at 16:32:23.521081 after 0.76 seconds
[0m16:32:23.521571 [debug] [MainThread]: Connection 'debug' was properly closed.
[0m16:32:23.521981 [debug] [MainThread]: Sending event: {'category': 'dbt', 'action': 'invocation', 'label': 'end', 'context': [<snowplow_tracker.self_describing_json.SelfDescribingJson object at 0x7efcd2668750>, <snowplow_tracker.self_describing_json.SelfDescribingJson object at 0x7efcd266a210>, <snowplow_tracker.self_describing_json.SelfDescribingJson object at 0x7efccf42b2d0>]}
[0m16:32:23.522414 [debug] [MainThread]: Flushing usage events
