[0m16:17:08.569294 [debug] [MainThread]: Sending event: {'category': 'dbt', 'action': 'invocation', 'label': 'start', 'context': [<snowplow_tracker.self_describing_json.SelfDescribingJson object at 0x7fbb3a3047d0>, <snowplow_tracker.self_describing_json.SelfDescribingJson object at 0x7fbb3bac80d0>, <snowplow_tracker.self_describing_json.SelfDescribingJson object at 0x7fbb3a304350>]}


============================== 16:17:08.574275 | 88d18134-7d65-4523-b01c-cd787d3aa28d ==============================
[0m16:17:08.574275 [info ] [MainThread]: Running with dbt=1.5.1
[0m16:17:08.574939 [debug] [MainThread]: running dbt with arguments {'no_print': 'None', 'warn_error': 'None', 'write_json': 'True', 'cache_selected_only': 'False', 'partial_parse': 'True', 'warn_error_options': 'WarnErrorOptions(include=[], exclude=[])', 'log_format': 'default', 'send_anonymous_usage_stats': 'True', 'indirect_selection': 'eager', 'introspect': 'True', 'log_cache_events': 'False', 'fail_fast': 'False', 'static_parser': 'True', 'use_colors': 'True', 'log_path': 'logs', 'use_experimental_parser': 'False', 'printer_width': '80', 'quiet': 'False', 'version_check': 'True', 'debug': 'False', 'profiles_dir': '/home/adventure/.dbt', 'target_path': 'None'}
[0m16:17:20.154440 [debug] [MainThread]: Starter project path: /home/adventure/adventure/dev/hdss_datapipeline/.venv/lib/python3.11/site-packages/dbt/include/starter_project
[0m16:17:28.219380 [info ] [MainThread]: Profile hdss_dbt written to /home/adventure/.dbt/profiles.yml using target's sample configuration. Once updated, you'll be able to start developing with dbt.
[0m16:17:28.220052 [info ] [MainThread]: 
Your new dbt project "hdss_dbt" was created!

For more information on how to configure the profiles.yml file,
please consult the dbt documentation here:

  https://docs.getdbt.com/docs/configure-your-profile

One more thing:

Need help? Don't hesitate to reach out to us via GitHub issues or on Slack:

  https://community.getdbt.com/

Happy modeling!

[0m16:17:28.221180 [debug] [MainThread]: Command `dbt init` succeeded at 16:17:28.220987 after 19.65 seconds
[0m16:17:28.221941 [debug] [MainThread]: Sending event: {'category': 'dbt', 'action': 'invocation', 'label': 'end', 'context': [<snowplow_tracker.self_describing_json.SelfDescribingJson object at 0x7fbb3debe6d0>, <snowplow_tracker.self_describing_json.SelfDescribingJson object at 0x7fbb3debe650>, <snowplow_tracker.self_describing_json.SelfDescribingJson object at 0x7fbb3debe710>]}
[0m16:17:28.222426 [debug] [MainThread]: Flushing usage events
[0m16:24:09.455256 [debug] [MainThread]: Sending event: {'category': 'dbt', 'action': 'invocation', 'label': 'start', 'context': [<snowplow_tracker.self_describing_json.SelfDescribingJson object at 0x7efea67eadd0>, <snowplow_tracker.self_describing_json.SelfDescribingJson object at 0x7efea6e8f110>, <snowplow_tracker.self_describing_json.SelfDescribingJson object at 0x7efea67f37d0>]}


============================== 16:24:09.459867 | 08e52609-9426-4efa-bb59-439be34425a1 ==============================
[0m16:24:09.459867 [info ] [MainThread]: Running with dbt=1.5.1
[0m16:24:09.460755 [debug] [MainThread]: running dbt with arguments {'warn_error': 'None', 'log_path': 'logs', 'printer_width': '80', 'debug': 'False', 'log_format': 'default', 'use_experimental_parser': 'False', 'partial_parse': 'True', 'warn_error_options': 'WarnErrorOptions(include=[], exclude=[])', 'introspect': 'True', 'target_path': 'None', 'cache_selected_only': 'False', 'write_json': 'True', 'use_colors': 'True', 'profiles_dir': '/home/adventure/.dbt', 'quiet': 'False', 'no_print': 'None', 'version_check': 'True', 'indirect_selection': 'eager', 'fail_fast': 'False', 'log_cache_events': 'False', 'static_parser': 'True', 'send_anonymous_usage_stats': 'True'}
[0m16:24:09.461296 [info ] [MainThread]: dbt version: 1.5.1
[0m16:24:09.461958 [info ] [MainThread]: python version: 3.11.7
[0m16:24:09.462961 [info ] [MainThread]: python path: /home/adventure/adventure/dev/hdss_datapipeline/.venv/bin/python
[0m16:24:09.464207 [info ] [MainThread]: os info: Linux-6.1.0-35-amd64-x86_64-with-glibc2.36
[0m16:24:09.465369 [info ] [MainThread]: Using profiles.yml file at /home/adventure/.dbt/profiles.yml
[0m16:24:09.465932 [info ] [MainThread]: Using dbt_project.yml file at /home/adventure/adventure/dev/hdss_datapipeline/dbt_project.yml
[0m16:24:09.466506 [info ] [MainThread]: Configuration:
[0m16:24:09.522994 [info ] [MainThread]:   profiles.yml file [[32mOK found and valid[0m]
[0m16:24:09.523687 [info ] [MainThread]:   dbt_project.yml file [[31mERROR not found[0m]
[0m16:24:09.524123 [info ] [MainThread]: Required dependencies:
[0m16:24:09.524612 [debug] [MainThread]: Executing "git --help"
[0m16:24:09.526638 [debug] [MainThread]: STDOUT: "b"usage: git [-v | --version] [-h | --help] [-C <path>] [-c <name>=<value>]\n           [--exec-path[=<path>]] [--html-path] [--man-path] [--info-path]\n           [-p | --paginate | -P | --no-pager] [--no-replace-objects] [--bare]\n           [--git-dir=<path>] [--work-tree=<path>] [--namespace=<name>]\n           [--super-prefix=<path>] [--config-env=<name>=<envvar>]\n           <command> [<args>]\n\nThese are common Git commands used in various situations:\n\nstart a working area (see also: git help tutorial)\n   clone     Clone a repository into a new directory\n   init      Create an empty Git repository or reinitialize an existing one\n\nwork on the current change (see also: git help everyday)\n   add       Add file contents to the index\n   mv        Move or rename a file, a directory, or a symlink\n   restore   Restore working tree files\n   rm        Remove files from the working tree and from the index\n\nexamine the history and state (see also: git help revisions)\n   bisect    Use binary search to find the commit that introduced a bug\n   diff      Show changes between commits, commit and working tree, etc\n   grep      Print lines matching a pattern\n   log       Show commit logs\n   show      Show various types of objects\n   status    Show the working tree status\n\ngrow, mark and tweak your common history\n   branch    List, create, or delete branches\n   commit    Record changes to the repository\n   merge     Join two or more development histories together\n   rebase    Reapply commits on top of another base tip\n   reset     Reset current HEAD to the specified state\n   switch    Switch branches\n   tag       Create, list, delete or verify a tag object signed with GPG\n\ncollaborate (see also: git help workflows)\n   fetch     Download objects and refs from another repository\n   pull      Fetch from and integrate with another repository or a local branch\n   push      Update remote refs along with associated objects\n\n'git help -a' and 'git help -g' list available subcommands and some\nconcept guides. See 'git help <command>' or 'git help <concept>'\nto read about a specific subcommand or concept.\nSee 'git help git' for an overview of the system.\n""
[0m16:24:09.526980 [debug] [MainThread]: STDERR: "b''"
[0m16:24:09.527277 [info ] [MainThread]:  - git [[32mOK found[0m]

[0m16:24:09.527730 [info ] [MainThread]: Connection:
[0m16:24:09.528531 [info ] [MainThread]:   host: aws-1-eu-north-1.pooler.supabase.com
[0m16:24:09.529190 [info ] [MainThread]:   port: 5432
[0m16:24:09.530342 [info ] [MainThread]:   user: postgres.qzvbxcvqqlbeoegssyl
[0m16:24:09.531886 [info ] [MainThread]:   database: postgres
[0m16:24:09.532697 [info ] [MainThread]:   schema: public
[0m16:24:09.533220 [info ] [MainThread]:   search_path: None
[0m16:24:09.533704 [info ] [MainThread]:   keepalives_idle: 0
[0m16:24:09.534161 [info ] [MainThread]:   sslmode: None
[0m16:24:09.534938 [debug] [MainThread]: Acquiring new postgres connection 'debug'
[0m16:24:09.535340 [debug] [MainThread]: Using postgres connection "debug"
[0m16:24:09.535753 [debug] [MainThread]: On debug: select 1 as id
[0m16:24:09.536177 [debug] [MainThread]: Opening a new connection, currently in state init
[0m16:24:11.365420 [debug] [MainThread]: Postgres adapter: Got a retryable error when attempting to open a postgres connection.
1 attempts remaining. Retrying in 0 seconds.
Error:
connection to server at "aws-1-eu-north-1.pooler.supabase.com" (13.60.102.132), port 5432 failed: FATAL:  Tenant or user not found
connection to server at "aws-1-eu-north-1.pooler.supabase.com" (13.60.102.132), port 5432 failed: FATAL:  Tenant or user not found

[0m16:24:14.505232 [debug] [MainThread]: Postgres adapter: Error running SQL: select 1 as id
[0m16:24:14.505984 [debug] [MainThread]: Postgres adapter: Rolling back transaction.
[0m16:24:14.506485 [debug] [MainThread]: On debug: No close available on handle
[0m16:24:14.506873 [info ] [MainThread]:   Connection test: [[31mERROR[0m]

[0m16:24:14.507416 [info ] [MainThread]: [31m2 checks failed:[0m
[0m16:24:14.507860 [info ] [MainThread]: Could not load dbt_project.yml

[0m16:24:14.508454 [info ] [MainThread]: dbt was unable to connect to the specified database.
The database returned the following error:

  >Database Error
  connection to server at "aws-1-eu-north-1.pooler.supabase.com" (51.21.18.29), port 5432 failed: FATAL:  Tenant or user not found
  connection to server at "aws-1-eu-north-1.pooler.supabase.com" (51.21.18.29), port 5432 failed: FATAL:  Tenant or user not found
  

Check your database credentials and try again. For more information, visit:
https://docs.getdbt.com/docs/configure-your-profile


[0m16:24:14.509082 [debug] [MainThread]: Command `dbt debug` failed at 16:24:14.508946 after 5.06 seconds
[0m16:24:14.509366 [debug] [MainThread]: Connection 'debug' was properly closed.
[0m16:24:14.509722 [debug] [MainThread]: Sending event: {'category': 'dbt', 'action': 'invocation', 'label': 'end', 'context': [<snowplow_tracker.self_describing_json.SelfDescribingJson object at 0x7efeaa068790>, <snowplow_tracker.self_describing_json.SelfDescribingJson object at 0x7efeaa06a250>, <snowplow_tracker.self_describing_json.SelfDescribingJson object at 0x7efea6454990>]}
[0m16:24:14.510126 [debug] [MainThread]: Flushing usage events
[0m16:29:00.912164 [debug] [MainThread]: Sending event: {'category': 'dbt', 'action': 'invocation', 'label': 'start', 'context': [<snowplow_tracker.self_describing_json.SelfDescribingJson object at 0x7f2d91af6490>, <snowplow_tracker.self_describing_json.SelfDescribingJson object at 0x7f2d91af6290>, <snowplow_tracker.self_describing_json.SelfDescribingJson object at 0x7f2d91afe1d0>]}


============================== 16:29:00.927413 | 614af5ff-20de-4247-a40d-683433a91e7e ==============================
[0m16:29:00.927413 [info ] [MainThread]: Running with dbt=1.5.1
[0m16:29:00.928699 [debug] [MainThread]: running dbt with arguments {'log_cache_events': 'False', 'profiles_dir': '/home/adventure/.dbt', 'indirect_selection': 'eager', 'use_colors': 'True', 'target_path': 'None', 'partial_parse': 'True', 'version_check': 'True', 'write_json': 'True', 'warn_error': 'None', 'cache_selected_only': 'False', 'warn_error_options': 'WarnErrorOptions(include=[], exclude=[])', 'log_format': 'default', 'printer_width': '80', 'no_print': 'None', 'static_parser': 'True', 'introspect': 'True', 'quiet': 'False', 'debug': 'False', 'log_path': 'logs', 'send_anonymous_usage_stats': 'True', 'use_experimental_parser': 'False', 'fail_fast': 'False'}
[0m16:29:00.929513 [info ] [MainThread]: dbt version: 1.5.1
[0m16:29:00.930321 [info ] [MainThread]: python version: 3.11.7
[0m16:29:00.931056 [info ] [MainThread]: python path: /home/adventure/adventure/dev/hdss_datapipeline/.venv/bin/python
[0m16:29:00.931672 [info ] [MainThread]: os info: Linux-6.1.0-35-amd64-x86_64-with-glibc2.36
[0m16:29:00.932276 [info ] [MainThread]: Using profiles.yml file at /home/adventure/.dbt/profiles.yml
[0m16:29:00.933548 [info ] [MainThread]: Using dbt_project.yml file at /home/adventure/adventure/dev/hdss_datapipeline/dbt_project.yml
[0m16:29:00.935583 [info ] [MainThread]: Configuration:
[0m16:29:01.035981 [info ] [MainThread]:   profiles.yml file [[32mOK found and valid[0m]
[0m16:29:01.036920 [info ] [MainThread]:   dbt_project.yml file [[31mERROR not found[0m]
[0m16:29:01.038117 [info ] [MainThread]: Required dependencies:
[0m16:29:01.039444 [debug] [MainThread]: Executing "git --help"
[0m16:29:01.044067 [debug] [MainThread]: STDOUT: "b"usage: git [-v | --version] [-h | --help] [-C <path>] [-c <name>=<value>]\n           [--exec-path[=<path>]] [--html-path] [--man-path] [--info-path]\n           [-p | --paginate | -P | --no-pager] [--no-replace-objects] [--bare]\n           [--git-dir=<path>] [--work-tree=<path>] [--namespace=<name>]\n           [--super-prefix=<path>] [--config-env=<name>=<envvar>]\n           <command> [<args>]\n\nThese are common Git commands used in various situations:\n\nstart a working area (see also: git help tutorial)\n   clone     Clone a repository into a new directory\n   init      Create an empty Git repository or reinitialize an existing one\n\nwork on the current change (see also: git help everyday)\n   add       Add file contents to the index\n   mv        Move or rename a file, a directory, or a symlink\n   restore   Restore working tree files\n   rm        Remove files from the working tree and from the index\n\nexamine the history and state (see also: git help revisions)\n   bisect    Use binary search to find the commit that introduced a bug\n   diff      Show changes between commits, commit and working tree, etc\n   grep      Print lines matching a pattern\n   log       Show commit logs\n   show      Show various types of objects\n   status    Show the working tree status\n\ngrow, mark and tweak your common history\n   branch    List, create, or delete branches\n   commit    Record changes to the repository\n   merge     Join two or more development histories together\n   rebase    Reapply commits on top of another base tip\n   reset     Reset current HEAD to the specified state\n   switch    Switch branches\n   tag       Create, list, delete or verify a tag object signed with GPG\n\ncollaborate (see also: git help workflows)\n   fetch     Download objects and refs from another repository\n   pull      Fetch from and integrate with another repository or a local branch\n   push      Update remote refs along with associated objects\n\n'git help -a' and 'git help -g' list available subcommands and some\nconcept guides. See 'git help <command>' or 'git help <concept>'\nto read about a specific subcommand or concept.\nSee 'git help git' for an overview of the system.\n""
[0m16:29:01.046537 [debug] [MainThread]: STDERR: "b''"
[0m16:29:01.047997 [info ] [MainThread]:  - git [[32mOK found[0m]

[0m16:29:01.049807 [info ] [MainThread]: Connection:
[0m16:29:01.051151 [info ] [MainThread]:   host: aws-1-eu-north-1.pooler.supabase.com
[0m16:29:01.053092 [info ] [MainThread]:   port: 5432
[0m16:29:01.053877 [info ] [MainThread]:   user: postgres.qzvbxcvqqlbeoegssyl
[0m16:29:01.055387 [info ] [MainThread]:   database: postgres
[0m16:29:01.057029 [info ] [MainThread]:   schema: public
[0m16:29:01.057786 [info ] [MainThread]:   search_path: None
[0m16:29:01.058403 [info ] [MainThread]:   keepalives_idle: 0
[0m16:29:01.058958 [info ] [MainThread]:   sslmode: None
[0m16:29:01.059831 [debug] [MainThread]: Acquiring new postgres connection 'debug'
[0m16:29:01.060331 [debug] [MainThread]: Using postgres connection "debug"
[0m16:29:01.060810 [debug] [MainThread]: On debug: select 1 as id
[0m16:29:01.061292 [debug] [MainThread]: Opening a new connection, currently in state init
[0m16:29:02.830131 [debug] [MainThread]: Postgres adapter: Got a retryable error when attempting to open a postgres connection.
1 attempts remaining. Retrying in 0 seconds.
Error:
connection to server at "aws-1-eu-north-1.pooler.supabase.com" (51.21.18.29), port 5432 failed: Connection refused
	Is the server running on that host and accepting TCP/IP connections?
connection to server at "aws-1-eu-north-1.pooler.supabase.com" (13.60.102.132), port 5432 failed: Connection refused
	Is the server running on that host and accepting TCP/IP connections?

[0m16:29:03.191088 [debug] [MainThread]: Postgres adapter: Error running SQL: select 1 as id
[0m16:29:03.193879 [debug] [MainThread]: Postgres adapter: Rolling back transaction.
[0m16:29:03.195150 [debug] [MainThread]: On debug: No close available on handle
[0m16:29:03.195579 [info ] [MainThread]:   Connection test: [[31mERROR[0m]

[0m16:29:03.196269 [info ] [MainThread]: [31m2 checks failed:[0m
[0m16:29:03.196967 [info ] [MainThread]: Could not load dbt_project.yml

[0m16:29:03.197755 [info ] [MainThread]: dbt was unable to connect to the specified database.
The database returned the following error:

  >Database Error
  connection to server at "aws-1-eu-north-1.pooler.supabase.com" (13.60.102.132), port 5432 failed: Connection refused
  	Is the server running on that host and accepting TCP/IP connections?
  connection to server at "aws-1-eu-north-1.pooler.supabase.com" (51.21.18.29), port 5432 failed: Connection refused
  	Is the server running on that host and accepting TCP/IP connections?
  

Check your database credentials and try again. For more information, visit:
https://docs.getdbt.com/docs/configure-your-profile


[0m16:29:03.198792 [debug] [MainThread]: Command `dbt debug` failed at 16:29:03.198604 after 2.30 seconds
[0m16:29:03.199348 [debug] [MainThread]: Connection 'debug' was properly closed.
[0m16:29:03.199845 [debug] [MainThread]: Sending event: {'category': 'dbt', 'action': 'invocation', 'label': 'end', 'context': [<snowplow_tracker.self_describing_json.SelfDescribingJson object at 0x7f2d954fe5d0>, <snowplow_tracker.self_describing_json.SelfDescribingJson object at 0x7f2d954fe8d0>, <snowplow_tracker.self_describing_json.SelfDescribingJson object at 0x7f2d92df5090>]}
[0m16:29:03.200346 [debug] [MainThread]: Flushing usage events
